#
# There is insufficient memory for the Java Runtime Environment to continue.
# Native memory allocation (mmap) failed to map 69730304 bytes for committing reserved memory.
# Possible reasons:
#   The system is out of physical RAM or swap space
#   In 32 bit mode, the process size limit was hit
# Possible solutions:
#   Reduce memory load on the system
#   Increase physical memory or swap space
#   Check if swap backing store is full
#   Use 64 bit Java on a 64 bit OS
#   Decrease Java heap size (-Xmx/-Xms)
#   Decrease number of Java threads
#   Decrease Java thread stack sizes (-Xss)
#   Set larger code cache with -XX:ReservedCodeCacheSize=
# This output file may be truncated or incomplete.
#
#  Out of Memory Error (os_linux.cpp:2640), pid=11209, tid=0x00007f11d4505700
#
# JRE version: Java(TM) SE Runtime Environment (8.0_171-b11) (build 1.8.0_171-b11)
# Java VM: Java HotSpot(TM) 64-Bit Server VM (25.171-b11 mixed mode linux-amd64 compressed oops)
# Failed to write core dump. Core dumps have been disabled. To enable core dumping, try "ulimit -c unlimited" before starting Java again
#

---------------  T H R E A D  ---------------

Current thread (0x00007f11d007a000):  VMThread [stack: 0x00007f11d4405000,0x00007f11d4506000] [id=11216]

Stack: [0x00007f11d4405000,0x00007f11d4506000],  sp=0x00007f11d4504050,  free space=1020k
Native frames: (J=compiled Java code, j=interpreted, Vv=VM code, C=native code)
V  [libjvm.so+0xacfffa]  VMError::report_and_die()+0x2ba
V  [libjvm.so+0x5005cb]  report_vm_out_of_memory(char const*, int, unsigned long, VMErrorType, char const*)+0x8b
V  [libjvm.so+0x92dd93]  os::Linux::commit_memory_impl(char*, unsigned long, bool)+0x123
V  [libjvm.so+0x92dfb9]  os::pd_commit_memory(char*, unsigned long, unsigned long, bool)+0x29
V  [libjvm.so+0x92527a]  os::commit_memory(char*, unsigned long, unsigned long, bool)+0x2a
V  [libjvm.so+0x99b223]  PSVirtualSpace::expand_by(unsigned long)+0x53
V  [libjvm.so+0x99c628]  PSYoungGen::resize_generation(unsigned long, unsigned long)+0xf8
V  [libjvm.so+0x99b782]  PSYoungGen::resize(unsigned long, unsigned long)+0x22
V  [libjvm.so+0x998a5b]  PSScavenge::invoke_no_policy()+0xf3b
V  [libjvm.so+0x9991e1]  PSScavenge::invoke()+0x41
V  [libjvm.so+0x94fcb0]  ParallelScavengeHeap::failed_mem_allocate(unsigned long)+0x70
V  [libjvm.so+0xad1a77]  VM_ParallelGCFailedAllocation::doit()+0x97
V  [libjvm.so+0xad9595]  VM_Operation::evaluate()+0x55
V  [libjvm.so+0xad795a]  VMThread::evaluate_operation(VM_Operation*)+0xba
V  [libjvm.so+0xad7cde]  VMThread::loop()+0x1ce
V  [libjvm.so+0xad8150]  VMThread::run()+0x70
V  [libjvm.so+0x92e0f8]  java_start(Thread*)+0x108

VM_Operation (0x00007f11b41f7f80): ParallelGCFailedAllocation, mode: safepoint, requested by thread 0x00007f1184003800


---------------  P R O C E S S  ---------------

Java Threads: ( => current thread )
  0x00007f1150002800 JavaThread "RMI RenewClean-[localhost:34999,org.jetbrains.kotlin.daemon.common.LoopbackNetworkInterface$ClientLoopbackSocketFactory@39136b1e]" daemon [_thread_blocked, id=15974, stack(0x00007f115dffe000,0x00007f115e0ff000)]
  0x00007f1184003800 JavaThread "RMI TCP Connection(26)-127.0.0.1" daemon [_thread_blocked, id=15973, stack(0x00007f11b40fe000,0x00007f11b41ff000)]
  0x00007f1184005000 JavaThread "RMI TCP Connection(25)-127.0.0.1" daemon [_thread_blocked, id=15971, stack(0x00007f11bc8fe000,0x00007f11bc9ff000)]
  0x00007f1168013000 JavaThread "RMI RenewClean-[localhost:34999,org.jetbrains.kotlin.daemon.common.LoopbackNetworkInterface$ClientLoopbackSocketFactory@5539dbfd]" daemon [_thread_blocked, id=14545, stack(0x00007f11bcc7a000,0x00007f11bcd7b000)]
  0x00007f1148001000 JavaThread "RMI RenewClean-[localhost:34999,org.jetbrains.kotlin.daemon.common.LoopbackNetworkInterface$ClientLoopbackSocketFactory@19b0762a]" daemon [_thread_blocked, id=14221, stack(0x00007f115defd000,0x00007f115dffe000)]
  0x00007f1168011800 JavaThread "RMI Scheduler(0)" daemon [_thread_blocked, id=11241, stack(0x00007f11bc5fd000,0x00007f11bc6fe000)]
  0x00007f11d000c000 JavaThread "DestroyJavaVM" [_thread_blocked, id=11211, stack(0x00007f11d9e04000,0x00007f11d9f05000)]
  0x00007f11d02f3800 JavaThread "GC Daemon" daemon [_thread_blocked, id=11239, stack(0x00007f11bc9ff000,0x00007f11bcb00000)]
  0x00007f11d02b4000 JavaThread "RMI Reaper" [_thread_blocked, id=11238, stack(0x00007f11bcb00000,0x00007f11bcc01000)]
  0x00007f11d02a4800 JavaThread "Timer-0" daemon [_thread_blocked, id=11236, stack(0x00007f11bcd7b000,0x00007f11bce7c000)]
  0x00007f11d02a1000 JavaThread "RMI TCP Accept-17382" daemon [_thread_in_native, id=11235, stack(0x00007f11bce7c000,0x00007f11bcf7d000)]
  0x00007f11d00d5800 JavaThread "Service Thread" daemon [_thread_blocked, id=11223, stack(0x00007f11bd8f0000,0x00007f11bd9f1000)]
  0x00007f11d00c0000 JavaThread "C1 CompilerThread2" daemon [_thread_blocked, id=11222, stack(0x00007f11bd9f1000,0x00007f11bdaf2000)]
  0x00007f11d00be800 JavaThread "C2 CompilerThread1" daemon [_thread_blocked, id=11221, stack(0x00007f11bdaf2000,0x00007f11bdbf3000)]
  0x00007f11d00bb800 JavaThread "C2 CompilerThread0" daemon [_thread_blocked, id=11220, stack(0x00007f11d4001000,0x00007f11d4102000)]
  0x00007f11d00ba000 JavaThread "Signal Dispatcher" daemon [_thread_blocked, id=11219, stack(0x00007f11d4102000,0x00007f11d4203000)]
  0x00007f11d0086000 JavaThread "Finalizer" daemon [_thread_blocked, id=11218, stack(0x00007f11d4203000,0x00007f11d4304000)]
  0x00007f11d0081800 JavaThread "Reference Handler" daemon [_thread_blocked, id=11217, stack(0x00007f11d4304000,0x00007f11d4405000)]

Other Threads:
=>0x00007f11d007a000 VMThread [stack: 0x00007f11d4405000,0x00007f11d4506000] [id=11216]
  0x00007f11d00da800 WatcherThread [stack: 0x00007f11bd7ef000,0x00007f11bd8f0000] [id=11224]

VM state:at safepoint (normal execution)

VM Mutex/Monitor currently owned by a thread:  ([mutex/lock_event])
[0x00007f11d00085e0] Threads_lock - owner thread: 0x00007f11d007a000
[0x00007f11d0008ae0] Heap_lock - owner thread: 0x00007f1184003800

Heap:
 PSYoungGen      total 350208K, used 45549K [0x00000000e0000000, 0x00000000f9380000, 0x0000000100000000)
  eden space 304640K, 0% used [0x00000000e0000000,0x00000000e0000000,0x00000000f2980000)
  from space 45568K, 99% used [0x00000000f3a80000,0x00000000f66fb5e8,0x00000000f6700000)
  to   space 32256K, 0% used [0x00000000f7400000,0x00000000f7400000,0x00000000f9380000)
 ParOldGen       total 177664K, used 63972K [0x00000000a0000000, 0x00000000aad80000, 0x00000000e0000000)
  object space 177664K, 36% used [0x00000000a0000000,0x00000000a3e79138,0x00000000aad80000)
 Metaspace       used 63134K, capacity 64487K, committed 64808K, reserved 1105920K
  class space    used 7254K, capacity 7559K, committed 7728K, reserved 1048576K

Card table byte_map: [0x00007f11d683c000,0x00007f11d6b3d000] byte_map_base: 0x00007f11d633c000

Marking Bits: (ParMarkBitMap*) 0x00007f11d92c3280
 Begin Bits: [0x00007f11be000000, 0x00007f11bf800000)
 End Bits:   [0x00007f11bf800000, 0x00007f11c1000000)

Polling page: 0x00007f11d9f2d000

CodeCache: size=245760Kb used=43520Kb max_used=43933Kb free=202239Kb
 bounds [0x00007f11c1000000, 0x00007f11c3b30000, 0x00007f11d0000000]
 total_blobs=14164 nmethods=13636 adapters=438
 compilation: enabled

Compilation events (10 events):
Event: 3268,029 Thread 0x00007f11d00c0000 nmethod 17003 0x00007f11c2f0ff90 code [0x00007f11c2f10120, 0x00007f11c2f10478]
Event: 3268,029 Thread 0x00007f11d00c0000 17004       3       java.lang.Character::isDigit (15 bytes)
Event: 3268,029 Thread 0x00007f11d00c0000 nmethod 17004 0x00007f11c1c0de50 code [0x00007f11c1c0dfe0, 0x00007f11c1c0e2d8]
Event: 3268,029 Thread 0x00007f11d00c0000 17005       3       org.jetbrains.kotlin.config.MavenComparableVersion::parseItem (25 bytes)
Event: 3268,031 Thread 0x00007f11d00c0000 nmethod 17005 0x00007f11c2f443d0 code [0x00007f11c2f44580, 0x00007f11c2f449b8]
Event: 3268,031 Thread 0x00007f11d00c0000 17006       3       org.jetbrains.kotlin.config.MavenComparableVersion$IntegerItem::<init> (17 bytes)
Event: 3268,032 Thread 0x00007f11d00c0000 nmethod 17006 0x00007f11c2d7b050 code [0x00007f11c2d7b1e0, 0x00007f11c2d7b4c8]
Event: 3268,032 Thread 0x00007f11d00c0000 17007       3       java.math.MutableBigInteger::getMagnitudeArray (45 bytes)
Event: 3268,034 Thread 0x00007f11d00c0000 nmethod 17007 0x00007f11c15e6990 code [0x00007f11c15e6b00, 0x00007f11c15e6d28]
Event: 3268,307 Thread 0x00007f11d00c0000 17008       3       org.jetbrains.kotlin.serialization.ProtoBuf$Function::isInitialized (217 bytes)

GC Heap History (10 events):
Event: 1652,584 GC heap after
Heap after GC invocations=19 (full 4):
 PSYoungGen      total 236032K, used 32850K [0x00000000e0000000, 0x00000000f4e00000, 0x0000000100000000)
  eden space 199680K, 0% used [0x00000000e0000000,0x00000000e0000000,0x00000000ec300000)
  from space 36352K, 90% used [0x00000000ec300000,0x00000000ee314b20,0x00000000ee680000)
  to   space 40960K, 0% used [0x00000000f2600000,0x00000000f2600000,0x00000000f4e00000)
 ParOldGen       total 147456K, used 69478K [0x00000000a0000000, 0x00000000a9000000, 0x00000000e0000000)
  object space 147456K, 47% used [0x00000000a0000000,0x00000000a43d9b58,0x00000000a9000000)
 Metaspace       used 60798K, capacity 62043K, committed 62376K, reserved 1103872K
  class space    used 7190K, capacity 7479K, committed 7600K, reserved 1048576K
}
Event: 1654,715 GC heap before
{Heap before GC invocations=20 (full 4):
 PSYoungGen      total 236032K, used 232530K [0x00000000e0000000, 0x00000000f4e00000, 0x0000000100000000)
  eden space 199680K, 100% used [0x00000000e0000000,0x00000000ec300000,0x00000000ec300000)
  from space 36352K, 90% used [0x00000000ec300000,0x00000000ee314b20,0x00000000ee680000)
  to   space 40960K, 0% used [0x00000000f2600000,0x00000000f2600000,0x00000000f4e00000)
 ParOldGen       total 147456K, used 69478K [0x00000000a0000000, 0x00000000a9000000, 0x00000000e0000000)
  object space 147456K, 47% used [0x00000000a0000000,0x00000000a43d9b58,0x00000000a9000000)
 Metaspace       used 61523K, capacity 62837K, committed 63144K, reserved 1105920K
  class space    used 7231K, capacity 7524K, committed 7600K, reserved 1048576K
Event: 1654,751 GC heap after
Heap after GC invocations=20 (full 4):
 PSYoungGen      total 300544K, used 25114K [0x00000000e0000000, 0x00000000f4e80000, 0x0000000100000000)
  eden space 259584K, 0% used [0x00000000e0000000,0x00000000e0000000,0x00000000efd80000)
  from space 40960K, 61% used [0x00000000f2600000,0x00000000f3e86b10,0x00000000f4e00000)
  to   space 41472K, 0% used [0x00000000efd80000,0x00000000efd80000,0x00000000f2600000)
 ParOldGen       total 147456K, used 75512K [0x00000000a0000000, 0x00000000a9000000, 0x00000000e0000000)
  object space 147456K, 51% used [0x00000000a0000000,0x00000000a49be348,0x00000000a9000000)
 Metaspace       used 61523K, capacity 62837K, committed 63144K, reserved 1105920K
  class space    used 7231K, capacity 7524K, committed 7600K, reserved 1048576K
}
Event: 1661,307 GC heap before
{Heap before GC invocations=21 (full 4):
 PSYoungGen      total 300544K, used 284698K [0x00000000e0000000, 0x00000000f4e80000, 0x0000000100000000)
  eden space 259584K, 100% used [0x00000000e0000000,0x00000000efd80000,0x00000000efd80000)
  from space 40960K, 61% used [0x00000000f2600000,0x00000000f3e86b10,0x00000000f4e00000)
  to   space 41472K, 0% used [0x00000000efd80000,0x00000000efd80000,0x00000000f2600000)
 ParOldGen       total 147456K, used 75512K [0x00000000a0000000, 0x00000000a9000000, 0x00000000e0000000)
  object space 147456K, 51% used [0x00000000a0000000,0x00000000a49be348,0x00000000a9000000)
 Metaspace       used 62523K, capacity 63889K, committed 64168K, reserved 1105920K
  class space    used 7256K, capacity 7564K, committed 7600K, reserved 1048576K
Event: 1661,424 GC heap after
Heap after GC invocations=21 (full 4):
 PSYoungGen      total 301056K, used 29009K [0x00000000e0000000, 0x00000000f9e00000, 0x0000000100000000)
  eden space 259584K, 0% used [0x00000000e0000000,0x00000000e0000000,0x00000000efd80000)
  from space 41472K, 69% used [0x00000000efd80000,0x00000000f19d4530,0x00000000f2600000)
  to   space 43008K, 0% used [0x00000000f7400000,0x00000000f7400000,0x00000000f9e00000)
 ParOldGen       total 147456K, used 95977K [0x00000000a0000000, 0x00000000a9000000, 0x00000000e0000000)
  object space 147456K, 65% used [0x00000000a0000000,0x00000000a5dba5c0,0x00000000a9000000)
 Metaspace       used 62523K, capacity 63889K, committed 64168K, reserved 1105920K
  class space    used 7256K, capacity 7564K, committed 7600K, reserved 1048576K
}
Event: 2275,148 GC heap before
{Heap before GC invocations=22 (full 4):
 PSYoungGen      total 301056K, used 288593K [0x00000000e0000000, 0x00000000f9e00000, 0x0000000100000000)
  eden space 259584K, 100% used [0x00000000e0000000,0x00000000efd80000,0x00000000efd80000)
  from space 41472K, 69% used [0x00000000efd80000,0x00000000f19d4530,0x00000000f2600000)
  to   space 43008K, 0% used [0x00000000f7400000,0x00000000f7400000,0x00000000f9e00000)
 ParOldGen       total 147456K, used 95977K [0x00000000a0000000, 0x00000000a9000000, 0x00000000e0000000)
  object space 147456K, 65% used [0x00000000a0000000,0x00000000a5dba5c0,0x00000000a9000000)
 Metaspace       used 63243K, capacity 64621K, committed 64808K, reserved 1105920K
  class space    used 7297K, capacity 7608K, committed 7728K, reserved 1048576K
Event: 2275,326 GC heap after
Heap after GC invocations=22 (full 4):
 PSYoungGen      total 336896K, used 31938K [0x00000000e0000000, 0x00000000f9380000, 0x0000000100000000)
  eden space 304640K, 0% used [0x00000000e0000000,0x00000000e0000000,0x00000000f2980000)
  from space 32256K, 99% used [0x00000000f7400000,0x00000000f93308f0,0x00000000f9380000)
  to   space 45568K, 0% used [0x00000000f3a80000,0x00000000f3a80000,0x00000000f6700000)
 ParOldGen       total 147456K, used 121055K [0x00000000a0000000, 0x00000000a9000000, 0x00000000e0000000)
  object space 147456K, 82% used [0x00000000a0000000,0x00000000a7637c40,0x00000000a9000000)
 Metaspace       used 63243K, capacity 64621K, committed 64808K, reserved 1105920K
  class space    used 7297K, capacity 7608K, committed 7728K, reserved 1048576K
}
Event: 2275,326 GC heap before
{Heap before GC invocations=23 (full 5):
 PSYoungGen      total 336896K, used 31938K [0x00000000e0000000, 0x00000000f9380000, 0x0000000100000000)
  eden space 304640K, 0% used [0x00000000e0000000,0x00000000e0000000,0x00000000f2980000)
  from space 32256K, 99% used [0x00000000f7400000,0x00000000f93308f0,0x00000000f9380000)
  to   space 45568K, 0% used [0x00000000f3a80000,0x00000000f3a80000,0x00000000f6700000)
 ParOldGen       total 147456K, used 121055K [0x00000000a0000000, 0x00000000a9000000, 0x00000000e0000000)
  object space 147456K, 82% used [0x00000000a0000000,0x00000000a7637c40,0x00000000a9000000)
 Metaspace       used 63243K, capacity 64621K, committed 64808K, reserved 1105920K
  class space    used 7297K, capacity 7608K, committed 7728K, reserved 1048576K
Event: 2275,666 GC heap after
Heap after GC invocations=23 (full 5):
 PSYoungGen      total 336896K, used 0K [0x00000000e0000000, 0x00000000f9380000, 0x0000000100000000)
  eden space 304640K, 0% used [0x00000000e0000000,0x00000000e0000000,0x00000000f2980000)
  from space 32256K, 0% used [0x00000000f7400000,0x00000000f7400000,0x00000000f9380000)
  to   space 45568K, 0% used [0x00000000f3a80000,0x00000000f3a80000,0x00000000f6700000)
 ParOldGen       total 177664K, used 48663K [0x00000000a0000000, 0x00000000aad80000, 0x00000000e0000000)
  object space 177664K, 27% used [0x00000000a0000000,0x00000000a2f85cd0,0x00000000aad80000)
 Metaspace       used 62344K, capacity 63543K, committed 64808K, reserved 1105920K
  class space    used 7174K, capacity 7443K, committed 7728K, reserved 1048576K
}
Event: 3268,348 GC heap before
{Heap before GC invocations=24 (full 5):
 PSYoungGen      total 336896K, used 304640K [0x00000000e0000000, 0x00000000f9380000, 0x0000000100000000)
  eden space 304640K, 100% used [0x00000000e0000000,0x00000000f2980000,0x00000000f2980000)
  from space 32256K, 0% used [0x00000000f7400000,0x00000000f7400000,0x00000000f9380000)
  to   space 45568K, 0% used [0x00000000f3a80000,0x00000000f3a80000,0x00000000f6700000)
 ParOldGen       total 177664K, used 48663K [0x00000000a0000000, 0x00000000aad80000, 0x00000000e0000000)
  object space 177664K, 27% used [0x00000000a0000000,0x00000000a2f85cd0,0x00000000aad80000)
 Metaspace       used 63134K, capacity 64487K, committed 64808K, reserved 1105920K
  class space    used 7254K, capacity 7559K, committed 7728K, reserved 1048576K

Deoptimization events (10 events):
Event: 3267,894 Thread 0x00007f1184003800 Uncommon trap: reason=class_check action=maybe_recompile pc=0x00007f11c3aa7ca0 method=org.jetbrains.kotlin.protobuf.FieldSet.writeElementNoTag(Lorg/jetbrains/kotlin/protobuf/CodedOutputStream;Lorg/jetbrains/kotlin/protobuf/WireFormat$FieldType;Ljava/lang/
Event: 3267,915 Thread 0x00007f1184003800 Uncommon trap: reason=class_check action=maybe_recompile pc=0x00007f11c33012dc method=org.jetbrains.kotlin.protobuf.FieldSet.computeElementSizeNoTag(Lorg/jetbrains/kotlin/protobuf/WireFormat$FieldType;Ljava/lang/Object;)I @ 297
Event: 3267,915 Thread 0x00007f1184003800 Uncommon trap: reason=class_check action=maybe_recompile pc=0x00007f11c3aa7ca0 method=org.jetbrains.kotlin.protobuf.FieldSet.writeElementNoTag(Lorg/jetbrains/kotlin/protobuf/CodedOutputStream;Lorg/jetbrains/kotlin/protobuf/WireFormat$FieldType;Ljava/lang/
Event: 3267,915 Thread 0x00007f1184003800 Uncommon trap: reason=class_check action=maybe_recompile pc=0x00007f11c33012dc method=org.jetbrains.kotlin.protobuf.FieldSet.computeElementSizeNoTag(Lorg/jetbrains/kotlin/protobuf/WireFormat$FieldType;Ljava/lang/Object;)I @ 297
Event: 3267,915 Thread 0x00007f1184003800 Uncommon trap: reason=class_check action=maybe_recompile pc=0x00007f11c3aa7ca0 method=org.jetbrains.kotlin.protobuf.FieldSet.writeElementNoTag(Lorg/jetbrains/kotlin/protobuf/CodedOutputStream;Lorg/jetbrains/kotlin/protobuf/WireFormat$FieldType;Ljava/lang/
Event: 3268,052 Thread 0x00007f1184003800 Uncommon trap: reason=array_check action=maybe_recompile pc=0x00007f11c3b28ff8 method=org.jetbrains.kotlin.com.intellij.extapi.psi.StubBasedPsiElementBase.getStubOrPsiChildren(Lorg/jetbrains/kotlin/com/intellij/psi/stubs/IStubElementType;Lorg/jetbrains/ko
Event: 3268,054 Thread 0x00007f1184003800 Uncommon trap: reason=array_check action=maybe_recompile pc=0x00007f11c3b28ff8 method=org.jetbrains.kotlin.com.intellij.extapi.psi.StubBasedPsiElementBase.getStubOrPsiChildren(Lorg/jetbrains/kotlin/com/intellij/psi/stubs/IStubElementType;Lorg/jetbrains/ko
Event: 3268,064 Thread 0x00007f1184003800 Uncommon trap: reason=array_check action=maybe_recompile pc=0x00007f11c3b28ff8 method=org.jetbrains.kotlin.com.intellij.extapi.psi.StubBasedPsiElementBase.getStubOrPsiChildren(Lorg/jetbrains/kotlin/com/intellij/psi/stubs/IStubElementType;Lorg/jetbrains/ko
Event: 3268,122 Thread 0x00007f1184003800 Uncommon trap: reason=array_check action=maybe_recompile pc=0x00007f11c3b28ff8 method=org.jetbrains.kotlin.com.intellij.extapi.psi.StubBasedPsiElementBase.getStubOrPsiChildren(Lorg/jetbrains/kotlin/com/intellij/psi/stubs/IStubElementType;Lorg/jetbrains/ko
Event: 3268,150 Thread 0x00007f1184003800 Uncommon trap: reason=class_check action=maybe_recompile pc=0x00007f11c332d028 method=org.jetbrains.kotlin.load.java.lazy.descriptors.LazyJavaClassMemberScope.isVisibleAsFunctionInCurrentClass(Lorg/jetbrains/kotlin/descriptors/SimpleFunctionDescriptor;)Z 

Classes redefined (0 events):
No events

Internal exceptions (10 events):
Event: 1655,813 Thread 0x00007f1184005000 Implicit null exception at 0x00007f11c1d836cf to 0x00007f11c1d83a8d
Event: 1895,132 Thread 0x00007f1168013000 Exception <a 'java/lang/InterruptedException'> (0x00000000e70e1d98) thrown at [/HUDSON/workspace/8-2-build-linux-amd64/jdk8u171/10807/hotspot/src/share/vm/runtime/objectMonitor.cpp, line 1684]
Event: 1923,915 Thread 0x00007f1150002800 Exception <a 'java/lang/InterruptedException'> (0x00000000e74ffa50) thrown at [/HUDSON/workspace/8-2-build-linux-amd64/jdk8u171/10807/hotspot/src/share/vm/runtime/objectMonitor.cpp, line 1684]
Event: 2072,309 Thread 0x00007f116801c800 Exception <a 'java/lang/InterruptedException'> (0x00000000e7af3b90) thrown at [/HUDSON/workspace/8-2-build-linux-amd64/jdk8u171/10807/hotspot/src/share/vm/runtime/objectMonitor.cpp, line 1684]
Event: 2273,513 Thread 0x00007f1148001000 Exception <a 'java/lang/InterruptedException'> (0x00000000e819b510) thrown at [/HUDSON/workspace/8-2-build-linux-amd64/jdk8u171/10807/hotspot/src/share/vm/runtime/objectMonitor.cpp, line 1684]
Event: 2273,521 Thread 0x00007f1184007000 Exception <a 'sun/nio/fs/UnixException'> (0x00000000e82f53f0) thrown at [/HUDSON/workspace/8-2-build-linux-amd64/jdk8u171/10807/hotspot/src/share/vm/prims/jni.cpp, line 709]
Event: 2417,426 Thread 0x00007f1168013000 Exception <a 'java/lang/InterruptedException'> (0x00000000e1945fd0) thrown at [/HUDSON/workspace/8-2-build-linux-amd64/jdk8u171/10807/hotspot/src/share/vm/runtime/objectMonitor.cpp, line 1684]
Event: 3262,165 Thread 0x00007f1150002800 Exception <a 'java/lang/InterruptedException'> (0x00000000e22f2488) thrown at [/HUDSON/workspace/8-2-build-linux-amd64/jdk8u171/10807/hotspot/src/share/vm/runtime/objectMonitor.cpp, line 1684]
Event: 3262,526 Thread 0x00007f1184003800 Exception <a 'sun/nio/fs/UnixException'> (0x00000000e243aef8) thrown at [/HUDSON/workspace/8-2-build-linux-amd64/jdk8u171/10807/hotspot/src/share/vm/prims/jni.cpp, line 709]
Event: 3267,108 Thread 0x00007f1184003800 Exception <a 'sun/nio/fs/UnixException'> (0x00000000f063a930) thrown at [/HUDSON/workspace/8-2-build-linux-amd64/jdk8u171/10807/hotspot/src/share/vm/prims/jni.cpp, line 709]

Events (10 events):
Event: 3268,064 Thread 0x00007f1184003800 Uncommon trap: trap_request=0xffffffd6 fr.pc=0x00007f11c3b28ff8
Event: 3268,064 Thread 0x00007f1184003800 DEOPT PACKING pc=0x00007f11c3b28ff8 sp=0x00007f11b41f8eb0
Event: 3268,064 Thread 0x00007f1184003800 DEOPT UNPACKING pc=0x00007f11c104573a sp=0x00007f11b41f8ea0 mode 2
Event: 3268,122 Thread 0x00007f1184003800 Uncommon trap: trap_request=0xffffffd6 fr.pc=0x00007f11c3b28ff8
Event: 3268,122 Thread 0x00007f1184003800 DEOPT PACKING pc=0x00007f11c3b28ff8 sp=0x00007f11b41f93f0
Event: 3268,122 Thread 0x00007f1184003800 DEOPT UNPACKING pc=0x00007f11c104573a sp=0x00007f11b41f93e0 mode 2
Event: 3268,150 Thread 0x00007f1184003800 Uncommon trap: trap_request=0xffffffde fr.pc=0x00007f11c332d028
Event: 3268,150 Thread 0x00007f1184003800 DEOPT PACKING pc=0x00007f11c332d028 sp=0x00007f11b41f9570
Event: 3268,152 Thread 0x00007f1184003800 DEOPT UNPACKING pc=0x00007f11c104573a sp=0x00007f11b41f95a8 mode 2
Event: 3268,341 Executing VM operation: ParallelGCFailedAllocation


Dynamic libraries:
00400000-00401000 r-xp 00000000 08:03 3023058                            /usr/lib/jvm/java-8-oracle/jre/bin/java
00600000-00601000 rw-p 00000000 08:03 3023058                            /usr/lib/jvm/java-8-oracle/jre/bin/java
0062c000-0064d000 rw-p 00000000 00:00 0                                  [heap]
a0000000-aad80000 rw-p 00000000 00:00 0 
aad80000-e0000000 ---p 00000000 00:00 0 
e0000000-f9380000 rw-p 00000000 00:00 0 
fd600000-100000000 ---p 00000000 00:00 0 
100000000-10078c000 rw-p 00000000 00:00 0 
10078c000-140000000 ---p 00000000 00:00 0 
7f1148000000-7f1148349000 rw-p 00000000 00:00 0 
7f1148349000-7f114c000000 ---p 00000000 00:00 0 
7f114c000000-7f114c021000 rw-p 00000000 00:00 0 
7f114c021000-7f1150000000 ---p 00000000 00:00 0 
7f1150000000-7f1150270000 rw-p 00000000 00:00 0 
7f1150270000-7f1154000000 ---p 00000000 00:00 0 
7f1154000000-7f1154021000 rw-p 00000000 00:00 0 
7f1154021000-7f1158000000 ---p 00000000 00:00 0 
7f1158000000-7f1158021000 rw-p 00000000 00:00 0 
7f1158021000-7f115c000000 ---p 00000000 00:00 0 
7f115defd000-7f115df00000 ---p 00000000 00:00 0 
7f115df00000-7f115dffe000 rw-p 00000000 00:00 0 
7f115dffe000-7f115e001000 ---p 00000000 00:00 0 
7f115e001000-7f115e0ff000 rw-p 00000000 00:00 0 
7f115e0ff000-7f115e102000 ---p 00000000 00:00 0 
7f115e102000-7f115e3c0000 rw-p 00000000 00:00 0 
7f115e3c0000-7f115e400000 ---p 00000000 00:00 0 
7f115e400000-7f115e600000 rw-p 00000000 00:00 0 
7f115e600000-7f115e800000 rw-p 00000000 00:00 0 
7f115e800000-7f115ea00000 rw-p 00000000 00:00 0 
7f115ea00000-7f115ec00000 rw-p 00000000 00:00 0 
7f115ec00000-7f115ee00000 rw-p 00000000 00:00 0 
7f115ee00000-7f115f000000 rw-p 00000000 00:00 0 
7f115f000000-7f115f200000 rw-p 00000000 00:00 0 
7f115f200000-7f115f400000 rw-p 00000000 00:00 0 
7f115f400000-7f115f600000 rw-p 00000000 00:00 0 
7f115f600000-7f115f800000 rw-p 00000000 00:00 0 
7f115f800000-7f115fa00000 rw-p 00000000 00:00 0 
7f115fa00000-7f115fc00000 rw-p 00000000 00:00 0 
7f115fc00000-7f115fdfe000 rw-p 00000000 00:00 0 
7f115fdfe000-7f115fe00000 ---p 00000000 00:00 0 
7f115fe00000-7f1160000000 rw-p 00000000 00:00 0 
7f1160000000-7f1161384000 rw-p 00000000 00:00 0 
7f1161384000-7f1164000000 ---p 00000000 00:00 0 
7f1164000000-7f1164021000 rw-p 00000000 00:00 0 
7f1164021000-7f1168000000 ---p 00000000 00:00 0 
7f1168000000-7f116805f000 rw-p 00000000 00:00 0 
7f116805f000-7f116c000000 ---p 00000000 00:00 0 
7f116c000000-7f116c021000 rw-p 00000000 00:00 0 
7f116c021000-7f1170000000 ---p 00000000 00:00 0 
7f1170000000-7f1170021000 rw-p 00000000 00:00 0 
7f1170021000-7f1174000000 ---p 00000000 00:00 0 
7f1174000000-7f1174021000 rw-p 00000000 00:00 0 
7f1174021000-7f1178000000 ---p 00000000 00:00 0 
7f1178000000-7f117829d000 rw-p 00000000 00:00 0 
7f117829d000-7f117c000000 ---p 00000000 00:00 0 
7f117c000000-7f117c021000 rw-p 00000000 00:00 0 
7f117c021000-7f1180000000 ---p 00000000 00:00 0 
7f1180000000-7f1180021000 rw-p 00000000 00:00 0 
7f1180021000-7f1184000000 ---p 00000000 00:00 0 
7f1184000000-7f1184021000 rw-p 00000000 00:00 0 
7f1184021000-7f1188000000 ---p 00000000 00:00 0 
7f1188000000-7f118914f000 rw-p 00000000 00:00 0 
7f118914f000-7f118c000000 ---p 00000000 00:00 0 
7f118c000000-7f118c021000 rw-p 00000000 00:00 0 
7f118c021000-7f1190000000 ---p 00000000 00:00 0 
7f1190000000-7f1191de2000 rw-p 00000000 00:00 0 
7f1191de2000-7f1194000000 ---p 00000000 00:00 0 
7f1194000000-7f1195ce2000 rw-p 00000000 00:00 0 
7f1195ce2000-7f1198000000 ---p 00000000 00:00 0 
7f1198000000-7f1198021000 rw-p 00000000 00:00 0 
7f1198021000-7f119c000000 ---p 00000000 00:00 0 
7f119c000000-7f119c021000 rw-p 00000000 00:00 0 
7f119c021000-7f11a0000000 ---p 00000000 00:00 0 
7f11a0000000-7f11a02ba000 rw-p 00000000 00:00 0 
7f11a02ba000-7f11a4000000 ---p 00000000 00:00 0 
7f11a4000000-7f11a4021000 rw-p 00000000 00:00 0 
7f11a4021000-7f11a8000000 ---p 00000000 00:00 0 
7f11a8000000-7f11a8021000 rw-p 00000000 00:00 0 
7f11a8021000-7f11ac000000 ---p 00000000 00:00 0 
7f11ac000000-7f11ac021000 rw-p 00000000 00:00 0 
7f11ac021000-7f11b0000000 ---p 00000000 00:00 0 
7f11b0000000-7f11b0023000 rw-p 00000000 00:00 0 
7f11b0023000-7f11b4000000 ---p 00000000 00:00 0 
7f11b4002000-7f11b40fe000 r--s 01842000 08:03 3290640                    /home/daza/Android/Sdk/platforms/android-26/android.jar
7f11b40fe000-7f11b4101000 ---p 00000000 00:00 0 
7f11b4101000-7f11b43ff000 rw-p 00000000 00:00 0 
7f11b43ff000-7f11b45ff000 rw-p 00000000 00:00 0 
7f11b45ff000-7f11b47ff000 rw-p 00000000 00:00 0 
7f11b47ff000-7f11b49ff000 rw-p 00000000 00:00 0 
7f11b49ff000-7f11b4bff000 rw-p 00000000 00:00 0 
7f11b4bff000-7f11b4dff000 rw-p 00000000 00:00 0 
7f11b4dff000-7f11b4fff000 rw-p 00000000 00:00 0 
7f11b4fff000-7f11b8000000 rw-p 00000000 00:00 0 
7f11b8000000-7f11b8030000 rw-p 00000000 00:00 0 
7f11b8030000-7f11bc000000 ---p 00000000 00:00 0 
7f11bc0b0000-7f11bc0c0000 r--s 00095000 08:03 1325569                    /home/daza/.gradle/caches/transforms-1/files-1.1/support-compat-26.1.0.aar/8aa014493a17fc7871c5370387040edd/jars/classes.jar
7f11bc0c0000-7f11bc0c5000 r--s 00055000 08:03 10322                      /home/daza/.gradle/caches/transforms-1/files-1.1/recyclerview-v7-26.1.0.aar/89ecdac8a6e176645fd56d7a50242b0d/jars/classes.jar
7f11bc0c5000-7f11bc0ca000 r--s 00034000 08:03 3030504                    /home/daza/.gradle/caches/modules-2/files-2.1/com.google.code.gson/gson/2.8.2/3edcfe49d2c6053a70a2a47e4e1c2f94998a49cf/gson-2.8.2.jar
7f11bc0ca000-7f11bc0cf000 r--s 00060000 08:03 3030229                    /home/daza/.gradle/caches/modules-2/files-2.1/com.squareup.okhttp3/okhttp/3.10.0/7ef0f1d95bf4c0b3ba30bbae25e0e562b05cf75e/okhttp-3.10.0.jar
7f11bc0cf000-7f11bc0d1000 r--s 00008000 08:03 3014885                    /home/daza/.gradle/caches/modules-2/files-2.1/com.firebase/geofire-common/2.3.1/8eb79b47f05da6e50cdb80375bebaad22a8fc3c8/geofire-common-2.3.1.jar
7f11bc0d6000-7f11bc0d8000 r--s 0000b000 08:03 3016367                    /home/daza/.gradle/caches/modules-2/files-2.1/org.jetbrains.anko/anko-design/0.10.4/cc100f1df543628be97c4111b6eafdf37605e8f9/anko-design-0.10.4.jar
7f11bc0d8000-7f11bc0e2000 r--s 0007c000 08:03 3032348                    /home/daza/.gradle/caches/modules-2/files-2.1/org.jetbrains.kotlinx/kotlinx-coroutines-core/0.22.5/a654b6962cbdf394cd88e6fc173314c92dd50edb/kotlinx-coroutines-core-0.22.5.jar
7f11bc0e3000-7f11bc0e7000 r--s 00025000 08:03 3026969                    /home/daza/.gradle/caches/modules-2/files-2.1/org.jetbrains.anko/anko-commons/0.10.4/436b8634ad86d093f55b1e7226c5c40d9743be5c/anko-commons-0.10.4.jar
7f11bc0e7000-7f11bc0ea000 ---p 00000000 00:00 0 
7f11bc0ea000-7f11bc1e8000 rw-p 00000000 00:00 0 
7f11bc1e8000-7f11bc1fb000 r--s 00345000 08:03 2896216                    /usr/lib/jvm/java-8-oracle/jre/lib/resources.jar
7f11bc1fb000-7f11bc3fb000 rw-p 00000000 00:00 0 
7f11bc3fb000-7f11bc3fe000 ---p 00000000 00:00 0 
7f11bc3fe000-7f11bc4fc000 rw-p 00000000 00:00 0 
7f11bc4fc000-7f11bc4ff000 ---p 00000000 00:00 0 
7f11bc4ff000-7f11bc5fd000 rw-p 00000000 00:00 0 
7f11bc5fd000-7f11bc600000 ---p 00000000 00:00 0 
7f11bc600000-7f11bc8fe000 rw-p 00000000 00:00 0 
7f11bc8fe000-7f11bc901000 ---p 00000000 00:00 0 
7f11bc901000-7f11bc9ff000 rw-p 00000000 00:00 0 
7f11bc9ff000-7f11bca02000 ---p 00000000 00:00 0 
7f11bca02000-7f11bcb00000 rw-p 00000000 00:00 0 
7f11bcb00000-7f11bcb03000 ---p 00000000 00:00 0 
7f11bcb03000-7f11bcc01000 rw-p 00000000 00:00 0 
7f11bcc01000-7f11bcc7a000 r--s 010f9000 08:03 3023215                    /usr/lib/jvm/java-8-oracle/lib/tools.jar
7f11bcc7a000-7f11bcc7d000 ---p 00000000 00:00 0 
7f11bcc7d000-7f11bcd7b000 rw-p 00000000 00:00 0 
7f11bcd7b000-7f11bcd7e000 ---p 00000000 00:00 0 
7f11bcd7e000-7f11bce7c000 rw-p 00000000 00:00 0 
7f11bce7c000-7f11bce7f000 ---p 00000000 00:00 0 
7f11bce7f000-7f11bcf7d000 rw-p 00000000 00:00 0 
7f11bcf7d000-7f11bcf99000 r--s 00393000 08:03 2896408                    /usr/lib/jvm/java-8-oracle/jre/lib/ext/cldrdata.jar
7f11bcf99000-7f11bcfaf000 r-xp 00000000 08:03 2896272                    /usr/lib/jvm/java-8-oracle/jre/lib/amd64/libnet.so
7f11bcfaf000-7f11bd1af000 ---p 00016000 08:03 2896272                    /usr/lib/jvm/java-8-oracle/jre/lib/amd64/libnet.so
7f11bd1af000-7f11bd1b0000 rw-p 00016000 08:03 2896272                    /usr/lib/jvm/java-8-oracle/jre/lib/amd64/libnet.so
7f11bd1b0000-7f11bd1c1000 r-xp 00000000 08:03 2896275                    /usr/lib/jvm/java-8-oracle/jre/lib/amd64/libnio.so
7f11bd1c1000-7f11bd3c0000 ---p 00011000 08:03 2896275                    /usr/lib/jvm/java-8-oracle/jre/lib/amd64/libnio.so
7f11bd3c0000-7f11bd3c1000 rw-p 00010000 08:03 2896275                    /usr/lib/jvm/java-8-oracle/jre/lib/amd64/libnio.so
7f11bd3c1000-7f11bd3ca000 r-xp 00000000 08:03 2896280                    /usr/lib/jvm/java-8-oracle/jre/lib/amd64/libmanagement.so
7f11bd3ca000-7f11bd5c9000 ---p 00009000 08:03 2896280                    /usr/lib/jvm/java-8-oracle/jre/lib/amd64/libmanagement.so
7f11bd5c9000-7f11bd5ca000 rw-p 00008000 08:03 2896280                    /usr/lib/jvm/java-8-oracle/jre/lib/amd64/libmanagement.so
7f11bd5ca000-7f11bd5fe000 r--s 00245000 08:03 3029937                    /home/daza/.gradle/caches/modules-2/files-2.1/org.jetbrains.kotlin/kotlin-reflect/1.2.31/17c564968cae80b954b294f8564c492da56bd7b5/kotlin-reflect-1.2.31.jar
7f11bd5fe000-7f11bd639000 rw-p 00000000 00:00 0 
7f11bd639000-7f11bd7ef000 r--s 017ec000 08:03 3026903                    /home/daza/.gradle/caches/modules-2/files-2.1/org.jetbrains.kotlin/kotlin-compiler-embeddable/1.2.31/29128887c407ed331d6dceef1a943ef0e51d6cfd/kotlin-compiler-embeddable-1.2.31.jar
7f11bd7ef000-7f11bd7f0000 ---p 00000000 00:00 0 
7f11bd7f0000-7f11bd8f0000 rw-p 00000000 00:00 0 
7f11bd8f0000-7f11bd8f3000 ---p 00000000 00:00 0 
7f11bd8f3000-7f11bd9f1000 rw-p 00000000 00:00 0 
7f11bd9f1000-7f11bd9f4000 ---p 00000000 00:00 0 
7f11bd9f4000-7f11bdaf2000 rw-p 00000000 00:00 0 
7f11bdaf2000-7f11bdaf5000 ---p 00000000 00:00 0 
7f11bdaf5000-7f11bdbf3000 rw-p 00000000 00:00 0 
7f11bdbf3000-7f11be000000 r--p 00000000 08:03 2884871                    /usr/lib/locale/locale-archive
7f11be000000-7f11c1000000 rw-p 00000000 00:00 0 
7f11c1000000-7f11c3b30000 rwxp 00000000 00:00 0 
7f11c3b30000-7f11d0000000 ---p 00000000 00:00 0 
7f11d0000000-7f11d03f3000 rw-p 00000000 00:00 0 
7f11d03f3000-7f11d4000000 ---p 00000000 00:00 0 
7f11d4000000-7f11d4001000 r--s 00014000 08:03 3030228                    /home/daza/.gradle/caches/modules-2/files-2.1/com.squareup.okio/okio/1.14.0/102d7be47241d781ef95f1581d414b0943053130/okio-1.14.0.jar
7f11d4001000-7f11d4004000 ---p 00000000 00:00 0 
7f11d4004000-7f11d4102000 rw-p 00000000 00:00 0 
7f11d4102000-7f11d4105000 ---p 00000000 00:00 0 
7f11d4105000-7f11d4203000 rw-p 00000000 00:00 0 
7f11d4203000-7f11d4206000 ---p 00000000 00:00 0 
7f11d4206000-7f11d4304000 rw-p 00000000 00:00 0 
7f11d4304000-7f11d4307000 ---p 00000000 00:00 0 
7f11d4307000-7f11d4405000 rw-p 00000000 00:00 0 
7f11d4405000-7f11d4406000 ---p 00000000 00:00 0 
7f11d4406000-7f11d54e8000 rw-p 00000000 00:00 0 
7f11d54e8000-7f11d56c2000 r--s 03d68000 08:03 2896212                    /usr/lib/jvm/java-8-oracle/jre/lib/rt.jar
7f11d56c2000-7f11d6238000 rw-p 00000000 00:00 0 
7f11d6238000-7f11d6239000 ---p 00000000 00:00 0 
7f11d6239000-7f11d6339000 rw-p 00000000 00:00 0 
7f11d6339000-7f11d633a000 ---p 00000000 00:00 0 
7f11d633a000-7f11d643a000 rw-p 00000000 00:00 0 
7f11d643a000-7f11d643b000 ---p 00000000 00:00 0 
7f11d643b000-7f11d653b000 rw-p 00000000 00:00 0 
7f11d653b000-7f11d653c000 ---p 00000000 00:00 0 
7f11d653c000-7f11d6693000 rw-p 00000000 00:00 0 
7f11d6693000-7f11d683c000 ---p 00000000 00:00 0 
7f11d683c000-7f11d6893000 rw-p 00000000 00:00 0 
7f11d6893000-7f11d6a3c000 ---p 00000000 00:00 0 
7f11d6a3c000-7f11d6b06000 rw-p 00000000 00:00 0 
7f11d6b06000-7f11d6b3c000 ---p 00000000 00:00 0 
7f11d6b3c000-7f11d6bea000 rw-p 00000000 00:00 0 
7f11d6bea000-7f11d6efd000 ---p 00000000 00:00 0 
7f11d6efd000-7f11d6f18000 r-xp 00000000 08:03 2896268                    /usr/lib/jvm/java-8-oracle/jre/lib/amd64/libzip.so
7f11d6f18000-7f11d7118000 ---p 0001b000 08:03 2896268                    /usr/lib/jvm/java-8-oracle/jre/lib/amd64/libzip.so
7f11d7118000-7f11d7119000 rw-p 0001b000 08:03 2896268                    /usr/lib/jvm/java-8-oracle/jre/lib/amd64/libzip.so
7f11d7119000-7f11d7124000 r-xp 00000000 08:03 1840070                    /lib/x86_64-linux-gnu/libnss_files-2.26.so
7f11d7124000-7f11d7323000 ---p 0000b000 08:03 1840070                    /lib/x86_64-linux-gnu/libnss_files-2.26.so
7f11d7323000-7f11d7324000 r--p 0000a000 08:03 1840070                    /lib/x86_64-linux-gnu/libnss_files-2.26.so
7f11d7324000-7f11d7325000 rw-p 0000b000 08:03 1840070                    /lib/x86_64-linux-gnu/libnss_files-2.26.so
7f11d7325000-7f11d732b000 rw-p 00000000 00:00 0 
7f11d732b000-7f11d7336000 r-xp 00000000 08:03 1840072                    /lib/x86_64-linux-gnu/libnss_nis-2.26.so
7f11d7336000-7f11d7535000 ---p 0000b000 08:03 1840072                    /lib/x86_64-linux-gnu/libnss_nis-2.26.so
7f11d7535000-7f11d7536000 r--p 0000a000 08:03 1840072                    /lib/x86_64-linux-gnu/libnss_nis-2.26.so
7f11d7536000-7f11d7537000 rw-p 0000b000 08:03 1840072                    /lib/x86_64-linux-gnu/libnss_nis-2.26.so
7f11d7537000-7f11d754e000 r-xp 00000000 08:03 1840067                    /lib/x86_64-linux-gnu/libnsl-2.26.so
7f11d754e000-7f11d774d000 ---p 00017000 08:03 1840067                    /lib/x86_64-linux-gnu/libnsl-2.26.so
7f11d774d000-7f11d774e000 r--p 00016000 08:03 1840067                    /lib/x86_64-linux-gnu/libnsl-2.26.so
7f11d774e000-7f11d774f000 rw-p 00017000 08:03 1840067                    /lib/x86_64-linux-gnu/libnsl-2.26.so
7f11d774f000-7f11d7751000 rw-p 00000000 00:00 0 
7f11d7751000-7f11d7759000 r-xp 00000000 08:03 1840068                    /lib/x86_64-linux-gnu/libnss_compat-2.26.so
7f11d7759000-7f11d7958000 ---p 00008000 08:03 1840068                    /lib/x86_64-linux-gnu/libnss_compat-2.26.so
7f11d7958000-7f11d7959000 r--p 00007000 08:03 1840068                    /lib/x86_64-linux-gnu/libnss_compat-2.26.so
7f11d7959000-7f11d795a000 rw-p 00008000 08:03 1840068                    /lib/x86_64-linux-gnu/libnss_compat-2.26.so
7f11d795a000-7f11d7985000 r-xp 00000000 08:03 2896262                    /usr/lib/jvm/java-8-oracle/jre/lib/amd64/libjava.so
7f11d7985000-7f11d7b84000 ---p 0002b000 08:03 2896262                    /usr/lib/jvm/java-8-oracle/jre/lib/amd64/libjava.so
7f11d7b84000-7f11d7b86000 rw-p 0002a000 08:03 2896262                    /usr/lib/jvm/java-8-oracle/jre/lib/amd64/libjava.so
7f11d7b86000-7f11d7b93000 r-xp 00000000 08:03 2896267                    /usr/lib/jvm/java-8-oracle/jre/lib/amd64/libverify.so
7f11d7b93000-7f11d7d93000 ---p 0000d000 08:03 2896267                    /usr/lib/jvm/java-8-oracle/jre/lib/amd64/libverify.so
7f11d7d93000-7f11d7d95000 rw-p 0000d000 08:03 2896267                    /usr/lib/jvm/java-8-oracle/jre/lib/amd64/libverify.so
7f11d7d95000-7f11d7d9c000 r-xp 00000000 08:03 1840077                    /lib/x86_64-linux-gnu/librt-2.26.so
7f11d7d9c000-7f11d7f9b000 ---p 00007000 08:03 1840077                    /lib/x86_64-linux-gnu/librt-2.26.so
7f11d7f9b000-7f11d7f9c000 r--p 00006000 08:03 1840077                    /lib/x86_64-linux-gnu/librt-2.26.so
7f11d7f9c000-7f11d7f9d000 rw-p 00007000 08:03 1840077                    /lib/x86_64-linux-gnu/librt-2.26.so
7f11d7f9d000-7f11d80f2000 r-xp 00000000 08:03 1840064                    /lib/x86_64-linux-gnu/libm-2.26.so
7f11d80f2000-7f11d82f1000 ---p 00155000 08:03 1840064                    /lib/x86_64-linux-gnu/libm-2.26.so
7f11d82f1000-7f11d82f2000 r--p 00154000 08:03 1840064                    /lib/x86_64-linux-gnu/libm-2.26.so
7f11d82f2000-7f11d82f3000 rw-p 00155000 08:03 1840064                    /lib/x86_64-linux-gnu/libm-2.26.so
7f11d82f3000-7f11d8fcc000 r-xp 00000000 08:03 2896290                    /usr/lib/jvm/java-8-oracle/jre/lib/amd64/server/libjvm.so
7f11d8fcc000-7f11d91cb000 ---p 00cd9000 08:03 2896290                    /usr/lib/jvm/java-8-oracle/jre/lib/amd64/server/libjvm.so
7f11d91cb000-7f11d92a5000 rw-p 00cd8000 08:03 2896290                    /usr/lib/jvm/java-8-oracle/jre/lib/amd64/server/libjvm.so
7f11d92a5000-7f11d92f0000 rw-p 00000000 00:00 0 
7f11d92f0000-7f11d94c6000 r-xp 00000000 08:03 1840060                    /lib/x86_64-linux-gnu/libc-2.26.so
7f11d94c6000-7f11d96c6000 ---p 001d6000 08:03 1840060                    /lib/x86_64-linux-gnu/libc-2.26.so
7f11d96c6000-7f11d96ca000 r--p 001d6000 08:03 1840060                    /lib/x86_64-linux-gnu/libc-2.26.so
7f11d96ca000-7f11d96cc000 rw-p 001da000 08:03 1840060                    /lib/x86_64-linux-gnu/libc-2.26.so
7f11d96cc000-7f11d96d0000 rw-p 00000000 00:00 0 
7f11d96d0000-7f11d96d3000 r-xp 00000000 08:03 1840063                    /lib/x86_64-linux-gnu/libdl-2.26.so
7f11d96d3000-7f11d98d2000 ---p 00003000 08:03 1840063                    /lib/x86_64-linux-gnu/libdl-2.26.so
7f11d98d2000-7f11d98d3000 r--p 00002000 08:03 1840063                    /lib/x86_64-linux-gnu/libdl-2.26.so
7f11d98d3000-7f11d98d4000 rw-p 00003000 08:03 1840063                    /lib/x86_64-linux-gnu/libdl-2.26.so
7f11d98d4000-7f11d98ea000 r-xp 00000000 08:03 2896286                    /usr/lib/jvm/java-8-oracle/jre/lib/amd64/jli/libjli.so
7f11d98ea000-7f11d9ae9000 ---p 00016000 08:03 2896286                    /usr/lib/jvm/java-8-oracle/jre/lib/amd64/jli/libjli.so
7f11d9ae9000-7f11d9aea000 rw-p 00015000 08:03 2896286                    /usr/lib/jvm/java-8-oracle/jre/lib/amd64/jli/libjli.so
7f11d9aea000-7f11d9b04000 r-xp 00000000 08:03 1840075                    /lib/x86_64-linux-gnu/libpthread-2.26.so
7f11d9b04000-7f11d9d03000 ---p 0001a000 08:03 1840075                    /lib/x86_64-linux-gnu/libpthread-2.26.so
7f11d9d03000-7f11d9d04000 r--p 00019000 08:03 1840075                    /lib/x86_64-linux-gnu/libpthread-2.26.so
7f11d9d04000-7f11d9d05000 rw-p 0001a000 08:03 1840075                    /lib/x86_64-linux-gnu/libpthread-2.26.so
7f11d9d05000-7f11d9d09000 rw-p 00000000 00:00 0 
7f11d9d09000-7f11d9d30000 r-xp 00000000 08:03 1840056                    /lib/x86_64-linux-gnu/ld-2.26.so
7f11d9d30000-7f11d9d31000 r--s 00000000 08:03 3029955                    /home/daza/.gradle/caches/modules-2/files-2.1/org.jetbrains.kotlin/kotlin-stdlib-jre7/1.2.31/98678431965f7487d6dc9b399e59b6c4b3921073/kotlin-stdlib-jre7-1.2.31.jar
7f11d9d31000-7f11d9d33000 r--s 00003000 08:03 789275                     /opt/android-studio/gradle/m2repository/org/jetbrains/annotations/13.0/annotations-13.0.jar
7f11d9d33000-7f11d9d34000 r--s 00001000 08:03 928272                     /home/daza/.gradle/caches/transforms-1/files-1.1/espresso-idling-resource-3.0.1.aar/62aea6bece43d4e3fe120dcd07152743/jars/classes.jar
7f11d9d34000-7f11d9d36000 r--s 00016000 08:03 3025565                    /home/daza/Android/Sdk/extras/m2repository/com/android/support/constraint/constraint-layout-solver/1.0.2/constraint-layout-solver-1.0.2.jar
7f11d9d36000-7f11d9d3d000 r--s 00048000 08:03 3026894                    /home/daza/.gradle/caches/modules-2/files-2.1/org.jetbrains.kotlin/kotlin-android-extensions/1.2.31/ce9cde5e684db1fe46989899f4ea46e1139d2b00/kotlin-android-extensions-1.2.31.jar
7f11d9d3d000-7f11d9d42000 r--s 0009d000 08:03 2896217                    /usr/lib/jvm/java-8-oracle/jre/lib/jsse.jar
7f11d9d42000-7f11d9e04000 rw-p 00000000 00:00 0 
7f11d9e04000-7f11d9e07000 ---p 00000000 00:00 0 
7f11d9e07000-7f11d9f07000 rw-p 00000000 00:00 0 
7f11d9f07000-7f11d9f08000 r--s 00000000 08:03 3026313                    /home/daza/.gradle/caches/modules-2/files-2.1/org.reactivestreams/reactive-streams/1.0.2/323964c36556eb0e6209f65c1cef72b53b461ab8/reactive-streams-1.0.2.jar
7f11d9f09000-7f11d9f13000 r--s 00116000 08:03 2896415                    /usr/lib/jvm/java-8-oracle/jre/lib/ext/localedata.jar
7f11d9f13000-7f11d9f15000 r--s 00008000 08:03 3029940                    /home/daza/.gradle/caches/modules-2/files-2.1/org.jetbrains.kotlin/kotlin-script-runtime/1.2.31/7904e817466f39297419e7ba3f296a2b86bb48be/kotlin-script-runtime-1.2.31.jar
7f11d9f15000-7f11d9f24000 r--s 000d7000 08:03 3029938                    /home/daza/.gradle/caches/modules-2/files-2.1/org.jetbrains.kotlin/kotlin-stdlib/1.2.31/153dcd9ed9db246a7e36f4d7609e2a9f4718c674/kotlin-stdlib-1.2.31.jar
7f11d9f24000-7f11d9f2c000 rw-s 00000000 08:03 3030555                    /tmp/hsperfdata_daza/11209
7f11d9f2c000-7f11d9f2d000 rw-p 00000000 00:00 0 
7f11d9f2d000-7f11d9f2e000 ---p 00000000 00:00 0 
7f11d9f2e000-7f11d9f30000 rw-p 00000000 00:00 0 
7f11d9f30000-7f11d9f31000 r--p 00027000 08:03 1840056                    /lib/x86_64-linux-gnu/ld-2.26.so
7f11d9f31000-7f11d9f32000 rw-p 00028000 08:03 1840056                    /lib/x86_64-linux-gnu/ld-2.26.so
7f11d9f32000-7f11d9f33000 rw-p 00000000 00:00 0 
7fffcf4ac000-7fffcf4cd000 rw-p 00000000 00:00 0                          [stack]
7fffcf592000-7fffcf595000 r--p 00000000 00:00 0                          [vvar]
7fffcf595000-7fffcf597000 r-xp 00000000 00:00 0                          [vdso]
ffffffffff600000-ffffffffff601000 r-xp 00000000 00:00 0                  [vsyscall]

VM Arguments:
jvm_args: -Djava.awt.headless=true -Djava.rmi.server.hostname=localhost -Xmx1536m -Dkotlin.environment.keepalive 
java_command: org.jetbrains.kotlin.daemon.KotlinCompileDaemon --daemon-runFilesPath /home/daza/.local/share/kotlin/daemon --daemon-autoshutdownIdleSeconds=7200 --daemon-compilerClasspath /home/daza/.gradle/caches/modules-2/files-2.1/org.jetbrains.kotlin/kotlin-compiler-embeddable/1.2.31/29128887c407ed331d6dceef1a943ef0e51d6cfd/kotlin-compiler-embeddable-1.2.31.jar:/home/daza/.gradle/caches/modules-2/files-2.1/org.jetbrains.kotlin/kotlin-stdlib/1.2.31/153dcd9ed9db246a7e36f4d7609e2a9f4718c674/kotlin-stdlib-1.2.31.jar:/home/daza/.gradle/caches/modules-2/files-2.1/org.jetbrains.kotlin/kotlin-script-runtime/1.2.31/7904e817466f39297419e7ba3f296a2b86bb48be/kotlin-script-runtime-1.2.31.jar:/home/daza/.gradle/caches/modules-2/files-2.1/org.jetbrains.kotlin/kotlin-reflect/1.2.31/17c564968cae80b954b294f8564c492da56bd7b5/kotlin-reflect-1.2.31.jar:/usr/lib/jvm/java-8-oracle/lib/tools.jar
java_class_path (initial): /home/daza/.gradle/caches/modules-2/files-2.1/org.jetbrains.kotlin/kotlin-compiler-embeddable/1.2.31/29128887c407ed331d6dceef1a943ef0e51d6cfd/kotlin-compiler-embeddable-1.2.31.jar:/home/daza/.gradle/caches/modules-2/files-2.1/org.jetbrains.kotlin/kotlin-stdlib/1.2.31/153dcd9ed9db246a7e36f4d7609e2a9f4718c674/kotlin-stdlib-1.2.31.jar:/home/daza/.gradle/caches/modules-2/files-2.1/org.jetbrains.kotlin/kotlin-script-runtime/1.2.31/7904e817466f39297419e7ba3f296a2b86bb48be/kotlin-script-runtime-1.2.31.jar:/home/daza/.gradle/caches/modules-2/files-2.1/org.jetbrains.kotlin/kotlin-reflect/1.2.31/17c564968cae80b954b294f8564c492da56bd7b5/kotlin-reflect-1.2.31.jar:/usr/lib/jvm/java-8-oracle/lib/tools.jar
Launcher Type: SUN_STANDARD

Environment Variables:
JAVA_HOME=/usr/lib/jvm/java-9-oracle
PATH=/usr/local/sbin:/usr/local/bin:/usr/sbin:/usr/bin:/sbin:/bin:/usr/games:/usr/local/games:/snap/bin:/usr/lib/jvm/java-9-oracle/bin:/usr/lib/jvm/java-9-oracle/db/bin
USERNAME=daza
LD_LIBRARY_PATH=/opt/android-studio/bin:
SHELL=/bin/bash
DISPLAY=:0

Signal Handlers:
SIGSEGV: [libjvm.so+0xad0890], sa_mask[0]=11111111011111111101111111111110, sa_flags=SA_RESTART|SA_SIGINFO
SIGBUS: [libjvm.so+0xad0890], sa_mask[0]=11111111011111111101111111111110, sa_flags=SA_RESTART|SA_SIGINFO
SIGFPE: [libjvm.so+0x928640], sa_mask[0]=11111111011111111101111111111110, sa_flags=SA_RESTART|SA_SIGINFO
SIGPIPE: [libjvm.so+0x928640], sa_mask[0]=11111111011111111101111111111110, sa_flags=SA_RESTART|SA_SIGINFO
SIGXFSZ: [libjvm.so+0x928640], sa_mask[0]=11111111011111111101111111111110, sa_flags=SA_RESTART|SA_SIGINFO
SIGILL: [libjvm.so+0x928640], sa_mask[0]=11111111011111111101111111111110, sa_flags=SA_RESTART|SA_SIGINFO
SIGUSR1: SIG_DFL, sa_mask[0]=00000000000000000000000000000000, sa_flags=none
SIGUSR2: [libjvm.so+0x929ea0], sa_mask[0]=00100000000000000000000000000000, sa_flags=SA_RESTART|SA_SIGINFO
SIGHUP: [libjvm.so+0x92b2a0], sa_mask[0]=11111111011111111101111111111110, sa_flags=SA_RESTART|SA_SIGINFO
SIGINT: [libjvm.so+0x92b2a0], sa_mask[0]=11111111011111111101111111111110, sa_flags=SA_RESTART|SA_SIGINFO
SIGTERM: [libjvm.so+0x92b2a0], sa_mask[0]=11111111011111111101111111111110, sa_flags=SA_RESTART|SA_SIGINFO
SIGQUIT: [libjvm.so+0x92b2a0], sa_mask[0]=11111111011111111101111111111110, sa_flags=SA_RESTART|SA_SIGINFO


---------------  S Y S T E M  ---------------

OS:DISTRIB_ID=Ubuntu
DISTRIB_RELEASE=17.10
DISTRIB_CODENAME=artful
DISTRIB_DESCRIPTION="Ubuntu 17.10"

uname:Linux 4.13.0-43-generic #48-Ubuntu SMP Wed May 16 12:18:48 UTC 2018 x86_64
libc:glibc 2.26 NPTL 2.26 
rlimit: STACK 8192k, CORE 0k, NPROC 31216, NOFILE 1048576, AS infinity
load average:36,87 12,78 6,15

/proc/meminfo:
MemTotal:        8046736 kB
MemFree:          108016 kB
MemAvailable:       5520 kB
Buffers:             316 kB
Cached:           302524 kB
SwapCached:          892 kB
Active:          6588212 kB
Inactive:         839516 kB
Active(anon):    6583188 kB
Inactive(anon):   831576 kB
Active(file):       5024 kB
Inactive(file):     7940 kB
Unevictable:          48 kB
Mlocked:              48 kB
SwapTotal:       4096092 kB
SwapFree:              0 kB
Dirty:                 0 kB
Writeback:             0 kB
AnonPages:       7124844 kB
Mapped:           109308 kB
Shmem:            289248 kB
Slab:             180588 kB
SReclaimable:      62000 kB
SUnreclaim:       118588 kB
KernelStack:       28656 kB
PageTables:       163212 kB
NFS_Unstable:          0 kB
Bounce:                0 kB
WritebackTmp:          0 kB
CommitLimit:     8119460 kB
Committed_AS:   29825300 kB
VmallocTotal:   34359738367 kB
VmallocUsed:           0 kB
VmallocChunk:          0 kB
HardwareCorrupted:     0 kB
AnonHugePages:         0 kB
ShmemHugePages:        0 kB
ShmemPmdMapped:        0 kB
CmaTotal:              0 kB
CmaFree:               0 kB
HugePages_Total:       0
HugePages_Free:        0
HugePages_Rsvd:        0
HugePages_Surp:        0
Hugepagesize:       2048 kB
DirectMap4k:      427520 kB
DirectMap2M:     7839744 kB
DirectMap1G:           0 kB


CPU:total 4 (initial active 4) (2 cores per cpu, 2 threads per core) family 6 model 60 stepping 3, cmov, cx8, fxsr, mmx, sse, sse2, sse3, ssse3, sse4.1, sse4.2, popcnt, avx, avx2, clmul, erms, lzcnt, ht, tsc, tscinvbit, bmi1, bmi2

/proc/cpuinfo:
processor	: 0
vendor_id	: GenuineIntel
cpu family	: 6
model		: 60
model name	: Intel(R) Core(TM) i3-4000M CPU @ 2.40GHz
stepping	: 3
microcode	: 0x24
cpu MHz		: 2394.519
cache size	: 3072 KB
physical id	: 0
siblings	: 4
core id		: 0
cpu cores	: 2
apicid		: 0
initial apicid	: 0
fpu		: yes
fpu_exception	: yes
cpuid level	: 13
wp		: yes
flags		: fpu vme de pse tsc msr pae mce cx8 apic sep mtrr pge mca cmov pat pse36 clflush dts acpi mmx fxsr sse sse2 ss ht tm pbe syscall nx pdpe1gb rdtscp lm constant_tsc arch_perfmon pebs bts rep_good nopl xtopology nonstop_tsc cpuid aperfmperf pni pclmulqdq dtes64 monitor ds_cpl vmx est tm2 ssse3 sdbg fma cx16 xtpr pdcm pcid sse4_1 sse4_2 movbe popcnt tsc_deadline_timer xsave avx f16c rdrand lahf_lm abm cpuid_fault epb invpcid_single pti retpoline spec_ctrl tpr_shadow vnmi flexpriority ept vpid fsgsbase tsc_adjust bmi1 avx2 smep bmi2 erms invpcid xsaveopt dtherm arat pln pts
bugs		: cpu_meltdown spectre_v1 spectre_v2 spec_store_bypass
bogomips	: 4789.03
clflush size	: 64
cache_alignment	: 64
address sizes	: 39 bits physical, 48 bits virtual
power management:

processor	: 1
vendor_id	: GenuineIntel
cpu family	: 6
model		: 60
model name	: Intel(R) Core(TM) i3-4000M CPU @ 2.40GHz
stepping	: 3
microcode	: 0x24
cpu MHz		: 2394.520
cache size	: 3072 KB
physical id	: 0
siblings	: 4
core id		: 0
cpu cores	: 2
apicid		: 1
initial apicid	: 1
fpu		: yes
fpu_exception	: yes
cpuid level	: 13
wp		: yes
flags		: fpu vme de pse tsc msr pae mce cx8 apic sep mtrr pge mca cmov pat pse36 clflush dts acpi mmx fxsr sse sse2 ss ht tm pbe syscall nx pdpe1gb rdtscp lm constant_tsc arch_perfmon pebs bts rep_good nopl xtopology nonstop_tsc cpuid aperfmperf pni pclmulqdq dtes64 monitor ds_cpl vmx est tm2 ssse3 sdbg fma cx16 xtpr pdcm pcid sse4_1 sse4_2 movbe popcnt tsc_deadline_timer xsave avx f16c rdrand lahf_lm abm cpuid_fault epb invpcid_single pti retpoline spec_ctrl tpr_shadow vnmi flexpriority ept vpid fsgsbase tsc_adjust bmi1 avx2 smep bmi2 erms invpcid xsaveopt dtherm arat pln pts
bugs		: cpu_meltdown spectre_v1 spectre_v2 spec_store_bypass
bogomips	: 4789.03
clflush size	: 64
cache_alignment	: 64
address sizes	: 39 bits physical, 48 bits virtual
power management:

processor	: 2
vendor_id	: GenuineIntel
cpu family	: 6
model		: 60
model name	: Intel(R) Core(TM) i3-4000M CPU @ 2.40GHz
stepping	: 3
microcode	: 0x24
cpu MHz		: 2394.520
cache size	: 3072 KB
physical id	: 0
siblings	: 4
core id		: 1
cpu cores	: 2
apicid		: 2
initial apicid	: 2
fpu		: yes
fpu_exception	: yes
cpuid level	: 13
wp		: yes
flags		: fpu vme de pse tsc msr pae mce cx8 apic sep mtrr pge mca cmov pat pse36 clflush dts acpi mmx fxsr sse sse2 ss ht tm pbe syscall nx pdpe1gb rdtscp lm constant_tsc arch_perfmon pebs bts rep_good nopl xtopology nonstop_tsc cpuid aperfmperf pni pclmulqdq dtes64 monitor ds_cpl vmx est tm2 ssse3 sdbg fma cx16 xtpr pdcm pcid sse4_1 sse4_2 movbe popcnt tsc_deadline_timer xsave avx f16c rdrand lahf_lm abm cpuid_fault epb invpcid_single pti retpoline spec_ctrl tpr_shadow vnmi flexpriority ept vpid fsgsbase tsc_adjust bmi1 avx2 smep bmi2 erms invpcid xsaveopt dtherm arat pln pts
bugs		: cpu_meltdown spectre_v1 spectre_v2 spec_store_bypass
bogomips	: 4789.03
clflush size	: 64
cache_alignment	: 64
address sizes	: 39 bits physical, 48 bits virtual
power management:

processor	: 3
vendor_id	: GenuineIntel
cpu family	: 6
model		: 60
model name	: Intel(R) Core(TM) i3-4000M CPU @ 2.40GHz
stepping	: 3
microcode	: 0x24
cpu MHz		: 2394.518
cache size	: 3072 KB
physical id	: 0
siblings	: 4
core id		: 1
cpu cores	: 2
apicid		: 3
initial apicid	: 3
fpu		: yes
fpu_exception	: yes
cpuid level	: 13
wp		: yes
flags		: fpu vme de pse tsc msr pae mce cx8 apic sep mtrr pge mca cmov pat pse36 clflush dts acpi mmx fxsr sse sse2 ss ht tm pbe syscall nx pdpe1gb rdtscp lm constant_tsc arch_perfmon pebs bts rep_good nopl xtopology nonstop_tsc cpuid aperfmperf pni pclmulqdq dtes64 monitor ds_cpl vmx est tm2 ssse3 sdbg fma cx16 xtpr pdcm pcid sse4_1 sse4_2 movbe popcnt tsc_deadline_timer xsave avx f16c rdrand lahf_lm abm cpuid_fault epb invpcid_single pti retpoline spec_ctrl tpr_shadow vnmi flexpriority ept vpid fsgsbase tsc_adjust bmi1 avx2 smep bmi2 erms invpcid xsaveopt dtherm arat pln pts
bugs		: cpu_meltdown spectre_v1 spectre_v2 spec_store_bypass
bogomips	: 4789.03
clflush size	: 64
cache_alignment	: 64
address sizes	: 39 bits physical, 48 bits virtual
power management:



Memory: 4k page, physical 8046736k(107164k free), swap 4096092k(0k free)

vm_info: Java HotSpot(TM) 64-Bit Server VM (25.171-b11) for linux-amd64 JRE (1.8.0_171-b11), built on Mar 28 2018 17:07:08 by "java_re" with gcc 4.3.0 20080428 (Red Hat 4.3.0-8)

time: Fri Jun  1 12:33:17 2018
elapsed time: 3338 seconds (0d 0h 55m 38s)

